<?xml version="1.0" encoding="UTF-8"?>
<!-- Generated by org.testng.reporters.JUnitReportReporter -->
<testsuite hostname="DML-05895" failures="0" tests="1" name="NewTest" time="0.002" errors="0" timestamp="18 Jun 2020 08:00:48 GMT" skipped="0">
  <testcase classname="NewTest" name="f" time="0.002"/>
</testsuite> <!-- NewTest -->
