<?xml version="1.0" encoding="UTF-8"?>
<!-- Generated by org.testng.reporters.JUnitReportReporter -->
<testsuite hostname="DML-05895" failures="0" tests="1" name="Appium_First_12_22.Appium_First_12_22.AppTest" time="0.001" errors="0" timestamp="18 Jun 2020 08:00:48 GMT" skipped="0">
  <testcase classname="Appium_First_12_22.Appium_First_12_22.AppTest" name="testApp" time="0.001"/>
</testsuite> <!-- Appium_First_12_22.Appium_First_12_22.AppTest -->
